e:\mathlibrary\mathlibrary\mathlibrary\dll\vc140.pdb
e:\mathlibrary\mathlibrary\mathlibrary\dll\vc140.idb
e:\mathlibrary\mathlibrary\mathlibrary\dll\matrix2.obj
e:\mathlibrary\mathlibrary\mathlibrary\dll\matrix3.obj
e:\mathlibrary\mathlibrary\mathlibrary\dll\matrix4.obj
e:\mathlibrary\mathlibrary\mathlibrary\dll\vector2.obj
e:\mathlibrary\mathlibrary\mathlibrary\dll\vector3.obj
e:\mathlibrary\mathlibrary\mathlibrary\dll\vector4.obj
e:\mathlibrary\mathlibrary\dll\mathlibrary.ilk
e:\mathlibrary\mathlibrary\dll\mathlibrary.dll
e:\mathlibrary\mathlibrary\dll\mathlibrary.pdb
e:\mathlibrary\mathlibrary\dll\mathlibrary.lib
e:\mathlibrary\mathlibrary\dll\mathlibrary.exp
e:\mathlibrary\mathlibrary\mathlibrary\dll\mathlibrary.tlog\cl.read.1.tlog
e:\mathlibrary\mathlibrary\mathlibrary\dll\mathlibrary.tlog\cl.write.1.tlog
e:\mathlibrary\mathlibrary\mathlibrary\dll\mathlibrary.tlog\cl.command.1.tlog
e:\mathlibrary\mathlibrary\mathlibrary\dll\mathlibrary.tlog\link.read.1.tlog
e:\mathlibrary\mathlibrary\mathlibrary\dll\mathlibrary.tlog\link.write.1.tlog
e:\mathlibrary\mathlibrary\mathlibrary\dll\mathlibrary.tlog\link.command.1.tlog
e:\mathlibrary\mathlibrary\mathlibrary\dll\mathlibrary.tlog\mathlibrary.write.1u.tlog
